<?xml version="1.0" encoding="UTF-8"?>
<testng-results ignored="0" total="6" passed="6" failed="0" skipped="0">
  <reporter-output>
  </reporter-output>
  <suite started-at="2022-04-03T08:17:04Z" name="HRM" finished-at="2022-04-03T08:17:30Z" duration-ms="25351">
    <groups>
    </groups>
    <test started-at="2022-04-03T08:17:04Z" name="Run on CHROME" finished-at="2022-04-03T08:17:30Z" duration-ms="25351">
      <class name="com.hrm.employee.Level_22_Fake_Data">
        <test-method is-config="true" signature="initBeforeSuite()[pri:0, instance:com.hrm.employee.Level_22_Fake_Data@2aeefcc]" started-at="2022-04-03T08:17:04Z" name="initBeforeSuite" finished-at="2022-04-03T08:17:04Z" duration-ms="63" status="PASS">
          <reporter-output>
          </reporter-output>
        </test-method> <!-- initBeforeSuite -->
        <test-method is-config="true" signature="beforeClass(java.lang.String, java.lang.String)[pri:0, instance:com.hrm.employee.Level_22_Fake_Data@2aeefcc]" started-at="2022-04-03T08:17:04Z" name="beforeClass" finished-at="2022-04-03T08:17:17Z" duration-ms="12401" status="PASS">
          <params>
            <param index="0">
              <value>
                <![CDATA[chrome]]>
              </value>
            </param>
            <param index="1">
              <value>
                <![CDATA[https://opensource-demo.orangehrmlive.com/]]>
              </value>
            </param>
          </params>
          <reporter-output>
          </reporter-output>
        </test-method> <!-- beforeClass -->
        <test-method signature="Employee_01_Add_New_Employee()[pri:0, instance:com.hrm.employee.Level_22_Fake_Data@2aeefcc]" started-at="2022-04-03T08:17:17Z" name="Employee_01_Add_New_Employee" finished-at="2022-04-03T08:17:28Z" duration-ms="11619" status="PASS">
          <reporter-output>
          </reporter-output>
        </test-method> <!-- Employee_01_Add_New_Employee -->
        <test-method signature="Employee_07_Edit_View_Job()[pri:0, instance:com.hrm.employee.Level_22_Fake_Data@2aeefcc]" started-at="2022-04-03T08:17:29Z" name="Employee_07_Edit_View_Job" finished-at="2022-04-03T08:17:29Z" duration-ms="6" status="PASS">
          <reporter-output>
          </reporter-output>
        </test-method> <!-- Employee_07_Edit_View_Job -->
        <test-method signature="Employee_08_Edit_View_Salary()[pri:0, instance:com.hrm.employee.Level_22_Fake_Data@2aeefcc]" started-at="2022-04-03T08:17:29Z" name="Employee_08_Edit_View_Salary" finished-at="2022-04-03T08:17:29Z" duration-ms="5" status="PASS">
          <reporter-output>
          </reporter-output>
        </test-method> <!-- Employee_08_Edit_View_Salary -->
        <test-method signature="Employee_09_Edit_View_Tax()[pri:0, instance:com.hrm.employee.Level_22_Fake_Data@2aeefcc]" started-at="2022-04-03T08:17:29Z" name="Employee_09_Edit_View_Tax" finished-at="2022-04-03T08:17:29Z" duration-ms="6" status="PASS">
          <reporter-output>
          </reporter-output>
        </test-method> <!-- Employee_09_Edit_View_Tax -->
        <test-method signature="Employee_10_Qualifications()[pri:0, instance:com.hrm.employee.Level_22_Fake_Data@2aeefcc]" started-at="2022-04-03T08:17:29Z" name="Employee_10_Qualifications" finished-at="2022-04-03T08:17:29Z" duration-ms="13" status="PASS">
          <reporter-output>
          </reporter-output>
        </test-method> <!-- Employee_10_Qualifications -->
        <test-method signature="Employee_11_Search_Employee()[pri:0, instance:com.hrm.employee.Level_22_Fake_Data@2aeefcc]" started-at="2022-04-03T08:17:29Z" name="Employee_11_Search_Employee" finished-at="2022-04-03T08:17:29Z" duration-ms="3" status="PASS">
          <reporter-output>
          </reporter-output>
        </test-method> <!-- Employee_11_Search_Employee -->
        <test-method is-config="true" signature="afterClass()[pri:0, instance:com.hrm.employee.Level_22_Fake_Data@2aeefcc]" started-at="2022-04-03T08:17:29Z" name="afterClass" finished-at="2022-04-03T08:17:30Z" duration-ms="879" status="PASS">
          <reporter-output>
          </reporter-output>
        </test-method> <!-- afterClass -->
      </class> <!-- com.hrm.employee.Level_22_Fake_Data -->
    </test> <!-- Run on CHROME -->
  </suite> <!-- HRM -->
</testng-results>
