<?xml version="1.0" encoding="UTF-8"?>
<testng-results ignored="0" total="11" passed="11" failed="0" skipped="0">
  <reporter-output>
  </reporter-output>
  <suite started-at="2022-04-08T06:42:11Z" name="NopCommerce" finished-at="2022-04-08T06:42:20Z" duration-ms="8831">
    <groups>
    </groups>
    <test started-at="2022-04-08T06:42:11Z" name="Run on CHROME" finished-at="2022-04-08T06:42:20Z" duration-ms="8831">
      <class name="com.liveguru.user.Level_24_Multiple_Enviroment">
        <test-method is-config="true" signature="initBeforeSuite()[pri:0, instance:com.liveguru.user.Level_24_Multiple_Enviroment@7c2312fa]" started-at="2022-04-08T06:42:11Z" name="initBeforeSuite" finished-at="2022-04-08T06:42:11Z" duration-ms="78" status="PASS">
          <reporter-output>
          </reporter-output>
        </test-method> <!-- initBeforeSuite -->
        <test-method is-config="true" signature="beforeClass(java.lang.String)[pri:0, instance:com.liveguru.user.Level_24_Multiple_Enviroment@7c2312fa]" started-at="2022-04-08T06:42:11Z" name="beforeClass" finished-at="2022-04-08T06:42:19Z" duration-ms="7052" status="PASS">
          <params>
            <param index="0">
              <value>
                <![CDATA[chrome]]>
              </value>
            </param>
          </params>
          <reporter-output>
          </reporter-output>
        </test-method> <!-- beforeClass -->
        <test-method signature="Employee_01_Add_New_Employee()[pri:0, instance:com.liveguru.user.Level_24_Multiple_Enviroment@7c2312fa]" started-at="2022-04-08T06:42:19Z" name="Employee_01_Add_New_Employee" finished-at="2022-04-08T06:42:19Z" duration-ms="74" status="PASS">
          <reporter-output>
          </reporter-output>
        </test-method> <!-- Employee_01_Add_New_Employee -->
        <test-method signature="Employee_02_Upload_Avatar()[pri:0, instance:com.liveguru.user.Level_24_Multiple_Enviroment@7c2312fa]" started-at="2022-04-08T06:42:19Z" name="Employee_02_Upload_Avatar" finished-at="2022-04-08T06:42:19Z" duration-ms="3" status="PASS">
          <reporter-output>
          </reporter-output>
        </test-method> <!-- Employee_02_Upload_Avatar -->
        <test-method signature="Employee_03_Personal_Details()[pri:0, instance:com.liveguru.user.Level_24_Multiple_Enviroment@7c2312fa]" started-at="2022-04-08T06:42:19Z" name="Employee_03_Personal_Details" finished-at="2022-04-08T06:42:19Z" duration-ms="3" status="PASS">
          <reporter-output>
          </reporter-output>
        </test-method> <!-- Employee_03_Personal_Details -->
        <test-method signature="Employee_04_Contact_Details()[pri:0, instance:com.liveguru.user.Level_24_Multiple_Enviroment@7c2312fa]" started-at="2022-04-08T06:42:19Z" name="Employee_04_Contact_Details" finished-at="2022-04-08T06:42:19Z" duration-ms="4" status="PASS">
          <reporter-output>
          </reporter-output>
        </test-method> <!-- Employee_04_Contact_Details -->
        <test-method signature="Employee_05_Emergency_Details()[pri:0, instance:com.liveguru.user.Level_24_Multiple_Enviroment@7c2312fa]" started-at="2022-04-08T06:42:19Z" name="Employee_05_Emergency_Details" finished-at="2022-04-08T06:42:19Z" duration-ms="6" status="PASS">
          <reporter-output>
          </reporter-output>
        </test-method> <!-- Employee_05_Emergency_Details -->
        <test-method signature="Employee_06_Assigned_Dependents()[pri:0, instance:com.liveguru.user.Level_24_Multiple_Enviroment@7c2312fa]" started-at="2022-04-08T06:42:19Z" name="Employee_06_Assigned_Dependents" finished-at="2022-04-08T06:42:19Z" duration-ms="3" status="PASS">
          <reporter-output>
          </reporter-output>
        </test-method> <!-- Employee_06_Assigned_Dependents -->
        <test-method signature="Employee_07_Edit_View_Job()[pri:0, instance:com.liveguru.user.Level_24_Multiple_Enviroment@7c2312fa]" started-at="2022-04-08T06:42:19Z" name="Employee_07_Edit_View_Job" finished-at="2022-04-08T06:42:19Z" duration-ms="3" status="PASS">
          <reporter-output>
          </reporter-output>
        </test-method> <!-- Employee_07_Edit_View_Job -->
        <test-method signature="Employee_08_Edit_View_Salary()[pri:0, instance:com.liveguru.user.Level_24_Multiple_Enviroment@7c2312fa]" started-at="2022-04-08T06:42:19Z" name="Employee_08_Edit_View_Salary" finished-at="2022-04-08T06:42:19Z" duration-ms="4" status="PASS">
          <reporter-output>
          </reporter-output>
        </test-method> <!-- Employee_08_Edit_View_Salary -->
        <test-method signature="Employee_09_Edit_View_Tax()[pri:0, instance:com.liveguru.user.Level_24_Multiple_Enviroment@7c2312fa]" started-at="2022-04-08T06:42:19Z" name="Employee_09_Edit_View_Tax" finished-at="2022-04-08T06:42:19Z" duration-ms="2" status="PASS">
          <reporter-output>
          </reporter-output>
        </test-method> <!-- Employee_09_Edit_View_Tax -->
        <test-method signature="Employee_10_Qualifications()[pri:0, instance:com.liveguru.user.Level_24_Multiple_Enviroment@7c2312fa]" started-at="2022-04-08T06:42:19Z" name="Employee_10_Qualifications" finished-at="2022-04-08T06:42:19Z" duration-ms="3" status="PASS">
          <reporter-output>
          </reporter-output>
        </test-method> <!-- Employee_10_Qualifications -->
        <test-method signature="Employee_11_Search_Employee()[pri:0, instance:com.liveguru.user.Level_24_Multiple_Enviroment@7c2312fa]" started-at="2022-04-08T06:42:19Z" name="Employee_11_Search_Employee" finished-at="2022-04-08T06:42:19Z" duration-ms="4" status="PASS">
          <reporter-output>
          </reporter-output>
        </test-method> <!-- Employee_11_Search_Employee -->
        <test-method is-config="true" signature="afterClass()[pri:0, instance:com.liveguru.user.Level_24_Multiple_Enviroment@7c2312fa]" started-at="2022-04-08T06:42:19Z" name="afterClass" finished-at="2022-04-08T06:42:20Z" duration-ms="1341" status="PASS">
          <reporter-output>
          </reporter-output>
        </test-method> <!-- afterClass -->
      </class> <!-- com.liveguru.user.Level_24_Multiple_Enviroment -->
    </test> <!-- Run on CHROME -->
  </suite> <!-- NopCommerce -->
</testng-results>
