<?xml version="1.0" encoding="UTF-8"?>
<testng-results ignored="0" total="6" passed="6" failed="0" skipped="0">
  <reporter-output>
  </reporter-output>
  <suite started-at="2022-04-03T02:03:11Z" name="HRM" finished-at="2022-04-03T02:03:36Z" duration-ms="24740">
    <groups>
    </groups>
    <test started-at="2022-04-03T02:03:11Z" name="Run on CHROME" finished-at="2022-04-03T02:03:36Z" duration-ms="24740">
      <class name="com.hrm.employee.Level_22_Fake_Data">
        <test-method is-config="true" signature="initBeforeSuite()[pri:0, instance:com.hrm.employee.Level_22_Fake_Data@664e5dee]" started-at="2022-04-03T02:03:11Z" name="initBeforeSuite" finished-at="2022-04-03T02:03:11Z" duration-ms="53" status="PASS">
          <reporter-output>
          </reporter-output>
        </test-method> <!-- initBeforeSuite -->
        <test-method is-config="true" signature="beforeClass(java.lang.String, java.lang.String)[pri:0, instance:com.hrm.employee.Level_22_Fake_Data@664e5dee]" started-at="2022-04-03T02:03:11Z" name="beforeClass" finished-at="2022-04-03T02:03:23Z" duration-ms="11867" status="PASS">
          <params>
            <param index="0">
              <value>
                <![CDATA[chrome]]>
              </value>
            </param>
            <param index="1">
              <value>
                <![CDATA[https://opensource-demo.orangehrmlive.com/]]>
              </value>
            </param>
          </params>
          <reporter-output>
          </reporter-output>
        </test-method> <!-- beforeClass -->
        <test-method signature="Employee_01_Add_New_Employee()[pri:0, instance:com.hrm.employee.Level_22_Fake_Data@664e5dee]" started-at="2022-04-03T02:03:23Z" name="Employee_01_Add_New_Employee" finished-at="2022-04-03T02:03:34Z" duration-ms="11348" status="PASS">
          <reporter-output>
          </reporter-output>
        </test-method> <!-- Employee_01_Add_New_Employee -->
        <test-method signature="Employee_07_Edit_View_Job()[pri:0, instance:com.hrm.employee.Level_22_Fake_Data@664e5dee]" started-at="2022-04-03T02:03:35Z" name="Employee_07_Edit_View_Job" finished-at="2022-04-03T02:03:35Z" duration-ms="6" status="PASS">
          <reporter-output>
          </reporter-output>
        </test-method> <!-- Employee_07_Edit_View_Job -->
        <test-method signature="Employee_08_Edit_View_Salary()[pri:0, instance:com.hrm.employee.Level_22_Fake_Data@664e5dee]" started-at="2022-04-03T02:03:35Z" name="Employee_08_Edit_View_Salary" finished-at="2022-04-03T02:03:35Z" duration-ms="6" status="PASS">
          <reporter-output>
          </reporter-output>
        </test-method> <!-- Employee_08_Edit_View_Salary -->
        <test-method signature="Employee_09_Edit_View_Tax()[pri:0, instance:com.hrm.employee.Level_22_Fake_Data@664e5dee]" started-at="2022-04-03T02:03:35Z" name="Employee_09_Edit_View_Tax" finished-at="2022-04-03T02:03:35Z" duration-ms="4" status="PASS">
          <reporter-output>
          </reporter-output>
        </test-method> <!-- Employee_09_Edit_View_Tax -->
        <test-method signature="Employee_10_Qualifications()[pri:0, instance:com.hrm.employee.Level_22_Fake_Data@664e5dee]" started-at="2022-04-03T02:03:35Z" name="Employee_10_Qualifications" finished-at="2022-04-03T02:03:35Z" duration-ms="4" status="PASS">
          <reporter-output>
          </reporter-output>
        </test-method> <!-- Employee_10_Qualifications -->
        <test-method signature="Employee_11_Search_Employee()[pri:0, instance:com.hrm.employee.Level_22_Fake_Data@664e5dee]" started-at="2022-04-03T02:03:35Z" name="Employee_11_Search_Employee" finished-at="2022-04-03T02:03:35Z" duration-ms="4" status="PASS">
          <reporter-output>
          </reporter-output>
        </test-method> <!-- Employee_11_Search_Employee -->
        <test-method is-config="true" signature="afterClass()[pri:0, instance:com.hrm.employee.Level_22_Fake_Data@664e5dee]" started-at="2022-04-03T02:03:35Z" name="afterClass" finished-at="2022-04-03T02:03:36Z" duration-ms="1191" status="PASS">
          <reporter-output>
          </reporter-output>
        </test-method> <!-- afterClass -->
      </class> <!-- com.hrm.employee.Level_22_Fake_Data -->
    </test> <!-- Run on CHROME -->
  </suite> <!-- HRM -->
</testng-results>
