<?xml version="1.0" encoding="UTF-8"?>
<testsuite name="Run on CHROME"
           tests="6"
           failures="0"
           errors="0"
           skipped="0"
           time="11.652">
  <properties />
  
  
            <testcase name="Employee_07_Edit_View_Job" time="0.006" classname="com.hrm.employee.Level_22_Fake_Data" />
                <testcase name="Employee_09_Edit_View_Tax" time="0.006" classname="com.hrm.employee.Level_22_Fake_Data" />
                <testcase name="Employee_01_Add_New_Employee" time="11.619" classname="com.hrm.employee.Level_22_Fake_Data" />
                <testcase name="Employee_10_Qualifications" time="0.013" classname="com.hrm.employee.Level_22_Fake_Data" />
                <testcase name="Employee_11_Search_Employee" time="0.003" classname="com.hrm.employee.Level_22_Fake_Data" />
                <testcase name="Employee_08_Edit_View_Salary" time="0.005" classname="com.hrm.employee.Level_22_Fake_Data" />
      
</testsuite>
